<?xml version="1.0" encoding="UTF-8"?>
<!-- Generated by org.testng.reporters.JUnitXMLReporter -->
<testsuite ignored="1" hostname="DESKTOP-JGOJUD0" failures="0" tests="2" name="Homeloan" time="0.013" errors="0" timestamp="2022-10-28T05:33:41 IST">
  <testcase classname="test.Day4" name="HomeloginCarLoan" time="0.002"/>
  <testcase classname="test.Day4" name="LoginAPIHomeLoan" time="0.002"/>
  <testcase classname="test.Day4" name="MobileLoginHomeLoan" time="0.0">
    <ignored/>
  </testcase> <!-- MobileLoginHomeLoan -->
</testsuite> <!-- Homeloan -->
