<?xml version="1.0" encoding="UTF-8"?>
<!-- Generated by org.testng.reporters.JUnitXMLReporter -->
<testsuite ignored="0" hostname="DESKTOP-JGOJUD0" failures="0" tests="9" name="Test" time="0.451" errors="0" timestamp="2022-11-01T00:41:03 IST">
  <testcase classname="test.Day4" name="HomeloginCarLoan" time="0.012"/>
  <testcase classname="test.Day4" name="LoginAPIHomeLoan" time="0.004"/>
  <testcase classname="test.Day4" name="MobileLoginHomeLoan" time="0.013"/>
  <testcase classname="test.Day2" name="plan" time="0.002"/>
  <testcase classname="test.Day3" name="LoginAPIcarLoan" time="0.003"/>
  <testcase classname="test.Day3" name="MobileLoginCarLoan" time="0.003"/>
  <testcase classname="test.Day3" name="WebloginCarLoan" time="0.003"/>
  <testcase classname="test.Day1" name="Demo" time="0.016"/>
  <testcase classname="test.Day1" name="SecondTest" time="0.004"/>
</testsuite> <!-- Test -->
