<?xml version="1.0" encoding="UTF-8"?>
<testng-results ignored="0" total="1" passed="1" failed="0" skipped="0">
  <reporter-output>
  </reporter-output>
  <suite started-at="2022-11-02T23:54:12 IST" name="Default suite" finished-at="2022-11-02T23:54:20 IST" duration-ms="8799">
    <groups>
    </groups>
    <test started-at="2022-11-02T23:54:12 IST" name="Default test" finished-at="2022-11-02T23:54:20 IST" duration-ms="8799">
      <class name="test.screenshot">
        <test-method signature="testScreenShot()[pri:0, instance:test.screenshot@34b7ac2f]" started-at="2022-11-02T23:54:12 IST" name="testScreenShot" finished-at="2022-11-02T23:54:20 IST" duration-ms="8745" status="PASS">
          <reporter-output>
          </reporter-output>
        </test-method> <!-- testScreenShot -->
      </class> <!-- test.screenshot -->
    </test> <!-- Default test -->
  </suite> <!-- Default suite -->
</testng-results>
